<?xml version="1.0" encoding="UTF-8"?>
<!-- Generated by org.testng.reporters.JUnitReportReporter -->
<testsuite skipped="0" hostname="laitkor-QA" name="Demo.TestNG" tests="1" failures="0" timestamp="22 Feb 2018 12:32:22 GMT" time="36.187" errors="0">
  <testcase name="main" time="36.187" classname="Demo.TestNG"/>
</testsuite> <!-- Demo.TestNG -->
